[debug] [2022-04-27T14:54:11.335Z] ----------------------------------------------------------------------
[debug] [2022-04-27T14:54:11.339Z] Command:       C:\Program Files\nodejs\node.exe C:\Users\MRUDUL\AppData\Roaming\npm\node_modules\firebase-tools\lib\bin\firebase.js init
[debug] [2022-04-27T14:54:11.340Z] CLI Version:   10.4.2
[debug] [2022-04-27T14:54:11.340Z] Platform:      win32
[debug] [2022-04-27T14:54:11.340Z] Node Version:  v16.13.1
[debug] [2022-04-27T14:54:11.349Z] Time:          Wed Apr 27 2022 20:24:11 GMT+0530 (India Standard Time)
[debug] [2022-04-27T14:54:11.349Z] ----------------------------------------------------------------------
[debug] 
[debug] [2022-04-27T14:54:11.357Z] >>> [apiv2][query] GET https://firebase-public.firebaseio.com/cli.json [none]
[debug] [2022-04-27T14:54:11.520Z] > command requires scopes: ["email","openid","https://www.googleapis.com/auth/cloudplatformprojects.readonly","https://www.googleapis.com/auth/firebase","https://www.googleapis.com/auth/cloud-platform"]
[debug] [2022-04-27T14:54:11.520Z] > authorizing via signed-in user (mrudulpatel04@gmail.com)
[info] 
     ######## #### ########  ######## ########     ###     ######  ########
     ##        ##  ##     ## ##       ##     ##  ##   ##  ##       ##
     ######    ##  ########  ######   ########  #########  ######  ######
     ##        ##  ##    ##  ##       ##     ## ##     ##       ## ##
     ##       #### ##     ## ######## ########  ##     ##  ######  ########

You're about to initialize a Firebase project in this directory:

  D:\Main_Project

Before we get started, keep in mind:

  * You are initializing within an existing Firebase project directory

[debug] [2022-04-27T14:54:12.422Z] <<< [apiv2][status] GET https://firebase-public.firebaseio.com/cli.json 200
[debug] [2022-04-27T14:54:12.422Z] <<< [apiv2][body] GET https://firebase-public.firebaseio.com/cli.json {"cloudBuildErrorAfter":1594252800000,"cloudBuildWarnAfter":1590019200000,"defaultNode10After":1594252800000,"minVersion":"3.0.5","node8DeploysDisabledAfter":1613390400000,"node8RuntimeDisabledAfter":1615809600000,"node8WarnAfter":1600128000000}
